<?xml version="1.0" encoding="UTF-8"?>
<testng-results ignored="0" total="5" passed="3" failed="1" skipped="1">
  <reporter-output>
  </reporter-output>
  <suite started-at="2021-03-03T01:55:16 IST" name="Swiggy Grid Test Suite" finished-at="2021-03-03T01:56:17 IST" duration-ms="61199">
    <groups>
      <group name="cucumber">
        <method signature="AbstractTestNGCucumberTests.feature(cucumber.api.testng.CucumberFeatureWrapper)[pri:0, instance:SwiggyCucumberStepDefinition.CucumberTestRunner@2473d930]" name="feature" class="cucumber.api.testng.AbstractTestNGCucumberTests"/>
      </group> <!-- cucumber -->
    </groups>
    <test started-at="2021-03-03T01:55:16 IST" name="Swiggy Add Menu to Cart in TestNG" finished-at="2021-03-03T01:56:17 IST" duration-ms="60889">
      <class name="SwiggyTestNGSuite.SwiggyTest">
        <test-method is-config="true" signature="setup(java.lang.String)[pri:0, instance:SwiggyTestNGSuite.SwiggyTest@124c278f]" started-at="2021-03-03T01:55:16 IST" name="setup" finished-at="2021-03-03T01:55:20 IST" duration-ms="3564" status="PASS">
          <params>
            <param index="0">
              <value>
                <![CDATA[chrome]]>
              </value>
            </param>
          </params>
          <reporter-output>
          </reporter-output>
        </test-method> <!-- setup -->
        <test-method signature="SwiggyHome()[pri:0, instance:SwiggyTestNGSuite.SwiggyTest@124c278f]" started-at="2021-03-03T01:55:20 IST" name="SwiggyHome" finished-at="2021-03-03T01:55:34 IST" duration-ms="14161" status="PASS">
          <reporter-output>
          </reporter-output>
        </test-method> <!-- SwiggyHome -->
        <test-method is-config="true" signature="ExtentResultReporter(org.testng.ITestResult)[pri:0, instance:SwiggyTestNGSuite.SwiggyTest@124c278f]" started-at="2021-03-03T01:55:34 IST" name="ExtentResultReporter" finished-at="2021-03-03T01:55:34 IST" duration-ms="4" status="PASS">
          <params>
            <param index="0">
              <value>
                <![CDATA[[TestResult name=SwiggyHome status=SUCCESS method=SwiggyTest.SwiggyHome()[pri:0, instance:SwiggyTestNGSuite.SwiggyTest@124c278f] output={null}]]]>
              </value>
            </param>
          </params>
          <reporter-output>
          </reporter-output>
        </test-method> <!-- ExtentResultReporter -->
        <test-method signature="SwiggySearch()[pri:0, instance:SwiggyTestNGSuite.SwiggyTest@124c278f]" started-at="2021-03-03T01:55:34 IST" name="SwiggySearch" finished-at="2021-03-03T01:55:42 IST" depends-on-methods="SwiggyTestNGSuite.SwiggyTest.SwiggyHome" duration-ms="8329" status="PASS">
          <reporter-output>
          </reporter-output>
        </test-method> <!-- SwiggySearch -->
        <test-method signature="SwiggyRestaurantMenu()[pri:0, instance:SwiggyTestNGSuite.SwiggyTest@124c278f]" started-at="2021-03-03T01:55:42 IST" name="SwiggyRestaurantMenu" finished-at="2021-03-03T01:56:17 IST" depends-on-methods="SwiggyTestNGSuite.SwiggyTest.SwiggySearch" duration-ms="34628" status="FAIL">
          <exception class="java.lang.IndexOutOfBoundsException">
            <message>
              <![CDATA[Index 18 out of bounds for length 0]]>
            </message>
            <full-stacktrace>
              <![CDATA[java.lang.IndexOutOfBoundsException: Index 18 out of bounds for length 0
at java.base/jdk.internal.util.Preconditions.outOfBounds(Preconditions.java:64)
at java.base/jdk.internal.util.Preconditions.outOfBoundsCheckIndex(Preconditions.java:70)
at java.base/jdk.internal.util.Preconditions.checkIndex(Preconditions.java:248)
at java.base/java.util.Objects.checkIndex(Objects.java:359)
at java.base/java.util.ArrayList.get(ArrayList.java:427)
at SwiggyPageAndMethod.SwiggyRestaurantMenu.RestaurantMenu(SwiggyRestaurantMenu.java:71)
at SwiggyTestNGSuite.SwiggyTest.SwiggyRestaurantMenu(SwiggyTest.java:109)
at java.base/jdk.internal.reflect.NativeMethodAccessorImpl.invoke0(Native Method)
at java.base/jdk.internal.reflect.NativeMethodAccessorImpl.invoke(NativeMethodAccessorImpl.java:64)
at java.base/jdk.internal.reflect.DelegatingMethodAccessorImpl.invoke(DelegatingMethodAccessorImpl.java:43)
at java.base/java.lang.reflect.Method.invoke(Method.java:564)
at org.testng.internal.MethodInvocationHelper.invokeMethod(MethodInvocationHelper.java:132)
at org.testng.internal.TestInvoker.invokeMethod(TestInvoker.java:599)
at org.testng.internal.TestInvoker.invokeTestMethod(TestInvoker.java:174)
at org.testng.internal.MethodRunner.runInSequence(MethodRunner.java:46)
at org.testng.internal.TestInvoker$MethodInvocationAgent.invoke(TestInvoker.java:822)
at org.testng.internal.TestInvoker.invokeTestMethods(TestInvoker.java:147)
at org.testng.internal.TestMethodWorker.invokeTestMethods(TestMethodWorker.java:146)
at org.testng.internal.TestMethodWorker.run(TestMethodWorker.java:128)
at java.base/java.util.ArrayList.forEach(ArrayList.java:1511)
at org.testng.TestRunner.privateRun(TestRunner.java:764)
at org.testng.TestRunner.run(TestRunner.java:585)
at org.testng.SuiteRunner.runTest(SuiteRunner.java:384)
at org.testng.SuiteRunner.runSequentially(SuiteRunner.java:378)
at org.testng.SuiteRunner.privateRun(SuiteRunner.java:337)
at org.testng.SuiteRunner.run(SuiteRunner.java:286)
at org.testng.SuiteRunnerWorker.runSuite(SuiteRunnerWorker.java:53)
at org.testng.SuiteRunnerWorker.run(SuiteRunnerWorker.java:96)
at org.testng.TestNG.runSuitesSequentially(TestNG.java:1218)
at org.testng.TestNG.runSuitesLocally(TestNG.java:1140)
at org.testng.TestNG.runSuites(TestNG.java:1069)
at org.testng.TestNG.run(TestNG.java:1037)
at org.apache.maven.surefire.testng.TestNGExecutor.run(TestNGExecutor.java:284)
at org.apache.maven.surefire.testng.TestNGXmlTestSuite.execute(TestNGXmlTestSuite.java:75)
at org.apache.maven.surefire.testng.TestNGProvider.invoke(TestNGProvider.java:119)
at org.apache.maven.surefire.booter.ForkedBooter.runSuitesInProcess(ForkedBooter.java:428)
at org.apache.maven.surefire.booter.ForkedBooter.execute(ForkedBooter.java:162)
at org.apache.maven.surefire.booter.ForkedBooter.run(ForkedBooter.java:562)
at org.apache.maven.surefire.booter.ForkedBooter.main(ForkedBooter.java:548)
]]>
            </full-stacktrace>
          </exception> <!-- java.lang.IndexOutOfBoundsException -->
          <reporter-output>
          </reporter-output>
        </test-method> <!-- SwiggyRestaurantMenu -->
        <test-method is-config="true" signature="ExtentResultReporter(org.testng.ITestResult)[pri:0, instance:SwiggyTestNGSuite.SwiggyTest@124c278f]" started-at="2021-03-03T01:55:42 IST" name="ExtentResultReporter" finished-at="2021-03-03T01:55:42 IST" duration-ms="0" status="PASS">
          <params>
            <param index="0">
              <value>
                <![CDATA[[TestResult name=SwiggySearch status=SUCCESS method=SwiggyTest.SwiggySearch()[pri:0, instance:SwiggyTestNGSuite.SwiggyTest@124c278f] output={null}]]]>
              </value>
            </param>
          </params>
          <reporter-output>
          </reporter-output>
        </test-method> <!-- ExtentResultReporter -->
        <test-method is-config="true" signature="ExtentResultReporter(org.testng.ITestResult)[pri:0, instance:SwiggyTestNGSuite.SwiggyTest@124c278f]" started-at="2021-03-03T01:56:17 IST" name="ExtentResultReporter" finished-at="2021-03-03T01:56:17 IST" duration-ms="1" status="PASS">
          <params>
            <param index="0">
              <value>
                <![CDATA[[TestResult name=SwiggyRestaurantMenu status=FAILURE method=SwiggyTest.SwiggyRestaurantMenu()[pri:0, instance:SwiggyTestNGSuite.SwiggyTest@124c278f] output={null}]]]>
              </value>
            </param>
          </params>
          <reporter-output>
          </reporter-output>
        </test-method> <!-- ExtentResultReporter -->
        <test-method signature="SwiggyRestaurantCheckout()[pri:0, instance:SwiggyTestNGSuite.SwiggyTest@124c278f]" started-at="2021-03-03T01:56:17 IST" name="SwiggyRestaurantCheckout" finished-at="2021-03-03T01:56:17 IST" depends-on-methods="SwiggyTestNGSuite.SwiggyTest.SwiggyRestaurantMenu" duration-ms="0" status="SKIP">
          <exception class="java.lang.Throwable">
            <message>
              <![CDATA[Method SwiggyTest.SwiggyRestaurantCheckout()[pri:0, instance:SwiggyTestNGSuite.SwiggyTest@124c278f] depends on not successfully finished methods]]>
            </message>
            <full-stacktrace>
              <![CDATA[java.lang.Throwable: Method SwiggyTest.SwiggyRestaurantCheckout()[pri:0, instance:SwiggyTestNGSuite.SwiggyTest@124c278f] depends on not successfully finished methods
at org.testng.internal.TestInvoker.invokeTestMethods(TestInvoker.java:102)
at org.testng.internal.TestMethodWorker.invokeTestMethods(TestMethodWorker.java:146)
at org.testng.internal.TestMethodWorker.run(TestMethodWorker.java:128)
at java.base/java.util.ArrayList.forEach(ArrayList.java:1511)
at org.testng.TestRunner.privateRun(TestRunner.java:764)
at org.testng.TestRunner.run(TestRunner.java:585)
at org.testng.SuiteRunner.runTest(SuiteRunner.java:384)
at org.testng.SuiteRunner.runSequentially(SuiteRunner.java:378)
at org.testng.SuiteRunner.privateRun(SuiteRunner.java:337)
at org.testng.SuiteRunner.run(SuiteRunner.java:286)
at org.testng.SuiteRunnerWorker.runSuite(SuiteRunnerWorker.java:53)
at org.testng.SuiteRunnerWorker.run(SuiteRunnerWorker.java:96)
at org.testng.TestNG.runSuitesSequentially(TestNG.java:1218)
at org.testng.TestNG.runSuitesLocally(TestNG.java:1140)
at org.testng.TestNG.runSuites(TestNG.java:1069)
at org.testng.TestNG.run(TestNG.java:1037)
at org.apache.maven.surefire.testng.TestNGExecutor.run(TestNGExecutor.java:284)
at org.apache.maven.surefire.testng.TestNGXmlTestSuite.execute(TestNGXmlTestSuite.java:75)
at org.apache.maven.surefire.testng.TestNGProvider.invoke(TestNGProvider.java:119)
at org.apache.maven.surefire.booter.ForkedBooter.runSuitesInProcess(ForkedBooter.java:428)
at org.apache.maven.surefire.booter.ForkedBooter.execute(ForkedBooter.java:162)
at org.apache.maven.surefire.booter.ForkedBooter.run(ForkedBooter.java:562)
at org.apache.maven.surefire.booter.ForkedBooter.main(ForkedBooter.java:548)
]]>
            </full-stacktrace>
          </exception> <!-- java.lang.Throwable -->
          <reporter-output>
          </reporter-output>
        </test-method> <!-- SwiggyRestaurantCheckout -->
        <test-method is-config="true" signature="tearDown()[pri:0, instance:SwiggyTestNGSuite.SwiggyTest@124c278f]" started-at="2021-03-03T01:56:17 IST" name="tearDown" finished-at="2021-03-03T01:56:17 IST" duration-ms="184" status="PASS">
          <reporter-output>
          </reporter-output>
        </test-method> <!-- tearDown -->
      </class> <!-- SwiggyTestNGSuite.SwiggyTest -->
    </test> <!-- Swiggy Add Menu to Cart in TestNG -->
    <test started-at="2021-03-03T01:56:17 IST" name="Swiggy Bill Check in Cucumber" finished-at="2021-03-03T01:56:17 IST" duration-ms="282">
      <class name="SwiggyCucumberStepDefinition.CucumberTestRunner">
        <test-method is-config="true" signature="setUpClass()[pri:0, instance:SwiggyCucumberStepDefinition.CucumberTestRunner@2473d930]" started-at="2021-03-03T01:56:17 IST" name="setUpClass" finished-at="2021-03-03T01:56:17 IST" duration-ms="132" status="PASS">
          <reporter-output>
          </reporter-output>
        </test-method> <!-- setUpClass -->
        <test-method signature="feature(cucumber.api.testng.CucumberFeatureWrapper)[pri:0, instance:SwiggyCucumberStepDefinition.CucumberTestRunner@2473d930]" started-at="2021-03-03T01:56:17 IST" name="feature" description="Runs Cucumber Feature" data-provider="features" finished-at="2021-03-03T01:56:17 IST" duration-ms="99" status="PASS">
          <params>
            <param index="0">
              <value>
                <![CDATA[Swiggy Bill Total Check]]>
              </value>
            </param>
          </params>
          <reporter-output>
          </reporter-output>
        </test-method> <!-- feature -->
        <test-method is-config="true" signature="tearDownClass()[pri:0, instance:SwiggyCucumberStepDefinition.CucumberTestRunner@2473d930]" started-at="2021-03-03T01:56:17 IST" name="tearDownClass" finished-at="2021-03-03T01:56:17 IST" duration-ms="8" status="PASS">
          <reporter-output>
          </reporter-output>
        </test-method> <!-- tearDownClass -->
      </class> <!-- SwiggyCucumberStepDefinition.CucumberTestRunner -->
    </test> <!-- Swiggy Bill Check in Cucumber -->
  </suite> <!-- Swiggy Grid Test Suite -->
</testng-results>
