-------------------------------------------------------------------------------
Test set: TestSuite
-------------------------------------------------------------------------------
Tests run: 5, Failures: 1, Errors: 0, Skipped: 1, Time elapsed: 61.471 s <<< FAILURE! - in TestSuite
SwiggyTestNGSuite.SwiggyTest.SwiggyRestaurantMenu  Time elapsed: 34.63 s  <<< FAILURE!
java.lang.IndexOutOfBoundsException: Index 18 out of bounds for length 0
	at SwiggyTestNGSuite.SwiggyTest.SwiggyRestaurantMenu(SwiggyTest.java:109)

